<?xml version="1.0" encoding="UTF-8"?>
<testsuite xmlns:xsi="http://www.w3.org/2001/XMLSchema-instance" xsi:noNamespaceSchemaLocation="https://maven.apache.org/surefire/maven-surefire-plugin/xsd/surefire-test-report.xsd" name="com.cengage.testRunner.TestRunner" time="35.087" tests="150" errors="0" skipped="0" failures="0">
  <properties>
    <property name="sun.desktop" value="windows"/>
    <property name="awt.toolkit" value="sun.awt.windows.WToolkit"/>
    <property name="file.encoding.pkg" value="sun.io"/>
    <property name="java.specification.version" value="1.8"/>
    <property name="sun.cpu.isalist" value="amd64"/>
    <property name="sun.jnu.encoding" value="Cp1252"/>
    <property name="java.class.path" value="D:\wms\target\test-classes;D:\wms\target\classes;C:\Users\vikrant.rana\.m2\repository\junit\junit\4.11\junit-4.11.jar;C:\Users\vikrant.rana\.m2\repository\org\hamcrest\hamcrest-core\1.3\hamcrest-core-1.3.jar;C:\Users\vikrant.rana\.m2\repository\org\seleniumhq\selenium\selenium-java\2.53.0\selenium-java-2.53.0.jar;C:\Users\vikrant.rana\.m2\repository\org\seleniumhq\selenium\selenium-chrome-driver\2.53.0\selenium-chrome-driver-2.53.0.jar;C:\Users\vikrant.rana\.m2\repository\org\seleniumhq\selenium\selenium-remote-driver\2.53.0\selenium-remote-driver-2.53.0.jar;C:\Users\vikrant.rana\.m2\repository\cglib\cglib-nodep\2.1_3\cglib-nodep-2.1_3.jar;C:\Users\vikrant.rana\.m2\repository\com\google\code\gson\gson\2.3.1\gson-2.3.1.jar;C:\Users\vikrant.rana\.m2\repository\org\seleniumhq\selenium\selenium-api\2.53.0\selenium-api-2.53.0.jar;C:\Users\vikrant.rana\.m2\repository\com\google\guava\guava\19.0\guava-19.0.jar;C:\Users\vikrant.rana\.m2\repository\org\seleniumhq\selenium\selenium-edge-driver\2.53.0\selenium-edge-driver-2.53.0.jar;C:\Users\vikrant.rana\.m2\repository\commons-io\commons-io\2.4\commons-io-2.4.jar;C:\Users\vikrant.rana\.m2\repository\org\apache\commons\commons-exec\1.3\commons-exec-1.3.jar;C:\Users\vikrant.rana\.m2\repository\org\seleniumhq\selenium\selenium-firefox-driver\2.53.0\selenium-firefox-driver-2.53.0.jar;C:\Users\vikrant.rana\.m2\repository\org\seleniumhq\selenium\selenium-ie-driver\2.53.0\selenium-ie-driver-2.53.0.jar;C:\Users\vikrant.rana\.m2\repository\net\java\dev\jna\jna\4.1.0\jna-4.1.0.jar;C:\Users\vikrant.rana\.m2\repository\net\java\dev\jna\jna-platform\4.1.0\jna-platform-4.1.0.jar;C:\Users\vikrant.rana\.m2\repository\org\seleniumhq\selenium\selenium-safari-driver\2.53.0\selenium-safari-driver-2.53.0.jar;C:\Users\vikrant.rana\.m2\repository\io\netty\netty\3.5.7.Final\netty-3.5.7.Final.jar;C:\Users\vikrant.rana\.m2\repository\org\seleniumhq\selenium\selenium-support\2.53.0\selenium-support-2.53.0.jar;C:\Users\vikrant.rana\.m2\repository\org\seleniumhq\selenium\selenium-leg-rc\2.53.0\selenium-leg-rc-2.53.0.jar;C:\Users\vikrant.rana\.m2\repository\info\cukes\cucumber-java\1.2.4\cucumber-java-1.2.4.jar;C:\Users\vikrant.rana\.m2\repository\info\cukes\cucumber-core\1.2.4\cucumber-core-1.2.4.jar;C:\Users\vikrant.rana\.m2\repository\info\cukes\cucumber-html\0.2.3\cucumber-html-0.2.3.jar;C:\Users\vikrant.rana\.m2\repository\info\cukes\cucumber-jvm-deps\1.0.5\cucumber-jvm-deps-1.0.5.jar;C:\Users\vikrant.rana\.m2\repository\info\cukes\gherkin\2.12.2\gherkin-2.12.2.jar;C:\Users\vikrant.rana\.m2\repository\info\cukes\cucumber-junit\1.2.4\cucumber-junit-1.2.4.jar;C:\Users\vikrant.rana\.m2\repository\log4j\log4j\1.2.17\log4j-1.2.17.jar;C:\Users\vikrant.rana\.m2\repository\com\jayway\restassured\rest-assured\2.9.0\rest-assured-2.9.0.jar;C:\Users\vikrant.rana\.m2\repository\org\codehaus\groovy\groovy\2.4.4\groovy-2.4.4.jar;C:\Users\vikrant.rana\.m2\repository\org\codehaus\groovy\groovy-xml\2.4.4\groovy-xml-2.4.4.jar;C:\Users\vikrant.rana\.m2\repository\org\apache\httpcomponents\httpclient\4.5.1\httpclient-4.5.1.jar;C:\Users\vikrant.rana\.m2\repository\org\apache\httpcomponents\httpcore\4.4.3\httpcore-4.4.3.jar;C:\Users\vikrant.rana\.m2\repository\commons-logging\commons-logging\1.2\commons-logging-1.2.jar;C:\Users\vikrant.rana\.m2\repository\commons-codec\commons-codec\1.9\commons-codec-1.9.jar;C:\Users\vikrant.rana\.m2\repository\org\apache\httpcomponents\httpmime\4.5.1\httpmime-4.5.1.jar;C:\Users\vikrant.rana\.m2\repository\org\hamcrest\hamcrest-library\1.3\hamcrest-library-1.3.jar;C:\Users\vikrant.rana\.m2\repository\org\ccil\cowan\tagsoup\tagsoup\1.2.1\tagsoup-1.2.1.jar;C:\Users\vikrant.rana\.m2\repository\com\jayway\restassured\json-path\2.9.0\json-path-2.9.0.jar;C:\Users\vikrant.rana\.m2\repository\org\codehaus\groovy\groovy-json\2.4.4\groovy-json-2.4.4.jar;C:\Users\vikrant.rana\.m2\repository\com\jayway\restassured\rest-assured-common\2.9.0\rest-assured-common-2.9.0.jar;C:\Users\vikrant.rana\.m2\repository\com\jayway\restassured\xml-path\2.9.0\xml-path-2.9.0.jar;C:\Users\vikrant.rana\.m2\repository\org\apache\commons\commons-lang3\3.3.2\commons-lang3-3.3.2.jar;C:\Users\vikrant.rana\.m2\repository\com\jayway\jsonpath\json-path\2.2.0\json-path-2.2.0.jar;C:\Users\vikrant.rana\.m2\repository\net\minidev\json-smart\2.2.1\json-smart-2.2.1.jar;C:\Users\vikrant.rana\.m2\repository\net\minidev\accessors-smart\1.1\accessors-smart-1.1.jar;C:\Users\vikrant.rana\.m2\repository\org\ow2\asm\asm\5.0.3\asm-5.0.3.jar;C:\Users\vikrant.rana\.m2\repository\org\slf4j\slf4j-api\1.7.16\slf4j-api-1.7.16.jar;C:\Users\vikrant.rana\.m2\repository\org\jsoup\jsoup\1.8.3\jsoup-1.8.3.jar;"/>
    <property name="java.vm.vendor" value="Oracle Corporation"/>
    <property name="sun.arch.data.model" value="64"/>
    <property name="user.variant" value=""/>
    <property name="java.vendor.url" value="http://java.oracle.com/"/>
    <property name="user.timezone" value=""/>
    <property name="java.vm.specification.version" value="1.8"/>
    <property name="os.name" value="Windows 10"/>
    <property name="user.country" value="US"/>
    <property name="sun.java.launcher" value="SUN_STANDARD"/>
    <property name="sun.boot.library.path" value="C:\Program Files\Java\jdk1.8.0_171\jre\bin"/>
    <property name="sun.java.command" value="C:\Users\VIKRAN~1.RAN\AppData\Local\Temp\surefire6532169908352361244\surefirebooter1605160780059171559.jar C:\Users\vikrant.rana\AppData\Local\Temp\surefire6532169908352361244 2018-06-04T06-54-02_134-jvmRun1 surefire5849675418389423793tmp surefire_0274380560867600062tmp"/>
    <property name="surefire.test.class.path" value="D:\wms\target\test-classes;D:\wms\target\classes;C:\Users\vikrant.rana\.m2\repository\junit\junit\4.11\junit-4.11.jar;C:\Users\vikrant.rana\.m2\repository\org\hamcrest\hamcrest-core\1.3\hamcrest-core-1.3.jar;C:\Users\vikrant.rana\.m2\repository\org\seleniumhq\selenium\selenium-java\2.53.0\selenium-java-2.53.0.jar;C:\Users\vikrant.rana\.m2\repository\org\seleniumhq\selenium\selenium-chrome-driver\2.53.0\selenium-chrome-driver-2.53.0.jar;C:\Users\vikrant.rana\.m2\repository\org\seleniumhq\selenium\selenium-remote-driver\2.53.0\selenium-remote-driver-2.53.0.jar;C:\Users\vikrant.rana\.m2\repository\cglib\cglib-nodep\2.1_3\cglib-nodep-2.1_3.jar;C:\Users\vikrant.rana\.m2\repository\com\google\code\gson\gson\2.3.1\gson-2.3.1.jar;C:\Users\vikrant.rana\.m2\repository\org\seleniumhq\selenium\selenium-api\2.53.0\selenium-api-2.53.0.jar;C:\Users\vikrant.rana\.m2\repository\com\google\guava\guava\19.0\guava-19.0.jar;C:\Users\vikrant.rana\.m2\repository\org\seleniumhq\selenium\selenium-edge-driver\2.53.0\selenium-edge-driver-2.53.0.jar;C:\Users\vikrant.rana\.m2\repository\commons-io\commons-io\2.4\commons-io-2.4.jar;C:\Users\vikrant.rana\.m2\repository\org\apache\commons\commons-exec\1.3\commons-exec-1.3.jar;C:\Users\vikrant.rana\.m2\repository\org\seleniumhq\selenium\selenium-firefox-driver\2.53.0\selenium-firefox-driver-2.53.0.jar;C:\Users\vikrant.rana\.m2\repository\org\seleniumhq\selenium\selenium-ie-driver\2.53.0\selenium-ie-driver-2.53.0.jar;C:\Users\vikrant.rana\.m2\repository\net\java\dev\jna\jna\4.1.0\jna-4.1.0.jar;C:\Users\vikrant.rana\.m2\repository\net\java\dev\jna\jna-platform\4.1.0\jna-platform-4.1.0.jar;C:\Users\vikrant.rana\.m2\repository\org\seleniumhq\selenium\selenium-safari-driver\2.53.0\selenium-safari-driver-2.53.0.jar;C:\Users\vikrant.rana\.m2\repository\io\netty\netty\3.5.7.Final\netty-3.5.7.Final.jar;C:\Users\vikrant.rana\.m2\repository\org\seleniumhq\selenium\selenium-support\2.53.0\selenium-support-2.53.0.jar;C:\Users\vikrant.rana\.m2\repository\org\seleniumhq\selenium\selenium-leg-rc\2.53.0\selenium-leg-rc-2.53.0.jar;C:\Users\vikrant.rana\.m2\repository\info\cukes\cucumber-java\1.2.4\cucumber-java-1.2.4.jar;C:\Users\vikrant.rana\.m2\repository\info\cukes\cucumber-core\1.2.4\cucumber-core-1.2.4.jar;C:\Users\vikrant.rana\.m2\repository\info\cukes\cucumber-html\0.2.3\cucumber-html-0.2.3.jar;C:\Users\vikrant.rana\.m2\repository\info\cukes\cucumber-jvm-deps\1.0.5\cucumber-jvm-deps-1.0.5.jar;C:\Users\vikrant.rana\.m2\repository\info\cukes\gherkin\2.12.2\gherkin-2.12.2.jar;C:\Users\vikrant.rana\.m2\repository\info\cukes\cucumber-junit\1.2.4\cucumber-junit-1.2.4.jar;C:\Users\vikrant.rana\.m2\repository\log4j\log4j\1.2.17\log4j-1.2.17.jar;C:\Users\vikrant.rana\.m2\repository\com\jayway\restassured\rest-assured\2.9.0\rest-assured-2.9.0.jar;C:\Users\vikrant.rana\.m2\repository\org\codehaus\groovy\groovy\2.4.4\groovy-2.4.4.jar;C:\Users\vikrant.rana\.m2\repository\org\codehaus\groovy\groovy-xml\2.4.4\groovy-xml-2.4.4.jar;C:\Users\vikrant.rana\.m2\repository\org\apache\httpcomponents\httpclient\4.5.1\httpclient-4.5.1.jar;C:\Users\vikrant.rana\.m2\repository\org\apache\httpcomponents\httpcore\4.4.3\httpcore-4.4.3.jar;C:\Users\vikrant.rana\.m2\repository\commons-logging\commons-logging\1.2\commons-logging-1.2.jar;C:\Users\vikrant.rana\.m2\repository\commons-codec\commons-codec\1.9\commons-codec-1.9.jar;C:\Users\vikrant.rana\.m2\repository\org\apache\httpcomponents\httpmime\4.5.1\httpmime-4.5.1.jar;C:\Users\vikrant.rana\.m2\repository\org\hamcrest\hamcrest-library\1.3\hamcrest-library-1.3.jar;C:\Users\vikrant.rana\.m2\repository\org\ccil\cowan\tagsoup\tagsoup\1.2.1\tagsoup-1.2.1.jar;C:\Users\vikrant.rana\.m2\repository\com\jayway\restassured\json-path\2.9.0\json-path-2.9.0.jar;C:\Users\vikrant.rana\.m2\repository\org\codehaus\groovy\groovy-json\2.4.4\groovy-json-2.4.4.jar;C:\Users\vikrant.rana\.m2\repository\com\jayway\restassured\rest-assured-common\2.9.0\rest-assured-common-2.9.0.jar;C:\Users\vikrant.rana\.m2\repository\com\jayway\restassured\xml-path\2.9.0\xml-path-2.9.0.jar;C:\Users\vikrant.rana\.m2\repository\org\apache\commons\commons-lang3\3.3.2\commons-lang3-3.3.2.jar;C:\Users\vikrant.rana\.m2\repository\com\jayway\jsonpath\json-path\2.2.0\json-path-2.2.0.jar;C:\Users\vikrant.rana\.m2\repository\net\minidev\json-smart\2.2.1\json-smart-2.2.1.jar;C:\Users\vikrant.rana\.m2\repository\net\minidev\accessors-smart\1.1\accessors-smart-1.1.jar;C:\Users\vikrant.rana\.m2\repository\org\ow2\asm\asm\5.0.3\asm-5.0.3.jar;C:\Users\vikrant.rana\.m2\repository\org\slf4j\slf4j-api\1.7.16\slf4j-api-1.7.16.jar;C:\Users\vikrant.rana\.m2\repository\org\jsoup\jsoup\1.8.3\jsoup-1.8.3.jar;"/>
    <property name="sun.cpu.endian" value="little"/>
    <property name="Tier" value="int"/>
    <property name="user.home" value="C:\Users\vikrant.rana"/>
    <property name="user.language" value="en"/>
    <property name="java.specification.vendor" value="Oracle Corporation"/>
    <property name="java.home" value="C:\Program Files\Java\jdk1.8.0_171\jre"/>
    <property name="basedir" value="D:\wms"/>
    <property name="file.separator" value="\"/>
    <property name="line.separator" value="&#10;"/>
    <property name="java.vm.specification.vendor" value="Oracle Corporation"/>
    <property name="java.specification.name" value="Java Platform API Specification"/>
    <property name="java.awt.graphicsenv" value="sun.awt.Win32GraphicsEnvironment"/>
    <property name="surefire.real.class.path" value="C:\Users\VIKRAN~1.RAN\AppData\Local\Temp\surefire6532169908352361244\surefirebooter1605160780059171559.jar"/>
    <property name="sun.boot.class.path" value="C:\Program Files\Java\jdk1.8.0_171\jre\lib\resources.jar;C:\Program Files\Java\jdk1.8.0_171\jre\lib\rt.jar;C:\Program Files\Java\jdk1.8.0_171\jre\lib\sunrsasign.jar;C:\Program Files\Java\jdk1.8.0_171\jre\lib\jsse.jar;C:\Program Files\Java\jdk1.8.0_171\jre\lib\jce.jar;C:\Program Files\Java\jdk1.8.0_171\jre\lib\charsets.jar;C:\Program Files\Java\jdk1.8.0_171\jre\lib\jfr.jar;C:\Program Files\Java\jdk1.8.0_171\jre\classes"/>
    <property name="user.script" value=""/>
    <property name="sun.management.compiler" value="HotSpot 64-Bit Tiered Compilers"/>
    <property name="java.runtime.version" value="1.8.0_171-b11"/>
    <property name="user.name" value="vikrant.rana"/>
    <property name="path.separator" value=";"/>
    <property name="os.version" value="10.0"/>
    <property name="java.endorsed.dirs" value="C:\Program Files\Java\jdk1.8.0_171\jre\lib\endorsed"/>
    <property name="java.runtime.name" value="Java(TM) SE Runtime Environment"/>
    <property name="file.encoding" value="Cp1252"/>
    <property name="java.vm.name" value="Java HotSpot(TM) 64-Bit Server VM"/>
    <property name="localRepository" value="C:\Users\vikrant.rana\.m2\repository"/>
    <property name="java.vendor.url.bug" value="http://bugreport.sun.com/bugreport/"/>
    <property name="java.io.tmpdir" value="C:\Users\VIKRAN~1.RAN\AppData\Local\Temp\"/>
    <property name="java.version" value="1.8.0_171"/>
    <property name="user.dir" value="D:\wms"/>
    <property name="os.arch" value="amd64"/>
    <property name="java.vm.specification.name" value="Java Virtual Machine Specification"/>
    <property name="java.awt.printerjob" value="sun.awt.windows.WPrinterJob"/>
    <property name="sun.os.patch.level" value=""/>
    <property name="java.library.path" value="C:\Program Files\Java\jdk1.8.0_171\jre\bin;C:\WINDOWS\Sun\Java\bin;C:\WINDOWS\system32;C:\WINDOWS;C:\Program Files (x86)\Common Files\Oracle\Java\javapath;C:\WINDOWS\system32;C:\WINDOWS;C:\WINDOWS\System32\Wbem;C:\WINDOWS\System32\WindowsPowerShell\v1.0\;C:\Program Files (x86)\Skype\Phone\;C:\Program Files\Git\cmd;C:\apache-maven-3.5.3\bin;C:\Program Files\Java\jdk1.8.0_171\bin;C:\Users\vikrant.rana\AppData\Local\Microsoft\WindowsApps;;."/>
    <property name="java.vm.info" value="mixed mode"/>
    <property name="java.vendor" value="Oracle Corporation"/>
    <property name="java.vm.version" value="25.171-b11"/>
    <property name="java.ext.dirs" value="C:\Program Files\Java\jdk1.8.0_171\jre\lib\ext;C:\WINDOWS\Sun\Java\lib\ext"/>
    <property name="sun.io.unicode.encoding" value="UnicodeLittle"/>
    <property name="java.class.version" value="52.0"/>
  </properties>
  <testcase name="When We Launch CSG Services" classname="Scenario: Validate CSG EndPoints" time="0"/>
  <testcase name="When We Launch CSG Services" classname="Scenario: Validate CSG EndPoints" time="0"/>
  <testcase name="When We Launch CSG Services" classname="Scenario: Validate CSG EndPoints" time="0"/>
  <testcase name="When We Launch CSG Services" classname="Scenario: Validate CSG EndPoints" time="0"/>
  <testcase name="When We Launch CSG Services" classname="Scenario: Validate CSG EndPoints" time="0"/>
  <testcase name="When We Launch CSG Services" classname="Scenario: Validate CSG EndPoints" time="0"/>
  <testcase name="When We Launch CSG Services" classname="Scenario: Validate CSG EndPoints" time="0"/>
  <testcase name="When We Launch CSG Services" classname="Scenario: Validate CSG EndPoints" time="0"/>
  <testcase name="When We Launch CSG Services" classname="Scenario: Validate CSG EndPoints" time="0"/>
  <testcase name="When We Launch CSG Services" classname="Scenario: Validate CSG EndPoints" time="0"/>
  <testcase name="Then Validate mls Endpoint Address" classname="Scenario: Validate CSG EndPoints" time="0"/>
  <testcase name="Then Validate mls Endpoint Address" classname="Scenario: Validate CSG EndPoints" time="0"/>
  <testcase name="Then Validate mls Endpoint Address" classname="Scenario: Validate CSG EndPoints" time="0"/>
  <testcase name="Then Validate mls Endpoint Address" classname="Scenario: Validate CSG EndPoints" time="0"/>
  <testcase name="Then Validate mls Endpoint Address" classname="Scenario: Validate CSG EndPoints" time="0"/>
  <testcase name="Then Validate mls Endpoint Address" classname="Scenario: Validate CSG EndPoints" time="0"/>
  <testcase name="Then Validate mls Endpoint Address" classname="Scenario: Validate CSG EndPoints" time="0"/>
  <testcase name="Then Validate mls Endpoint Address" classname="Scenario: Validate CSG EndPoints" time="0"/>
  <testcase name="Then Validate mls Endpoint Address" classname="Scenario: Validate CSG EndPoints" time="0"/>
  <testcase name="Then Validate mls Endpoint Address" classname="Scenario: Validate CSG EndPoints" time="0"/>
  <testcase name="And Validate metadata Endpoint Address" classname="Scenario: Validate CSG EndPoints" time="0"/>
  <testcase name="And Validate metadata Endpoint Address" classname="Scenario: Validate CSG EndPoints" time="0"/>
  <testcase name="And Validate metadata Endpoint Address" classname="Scenario: Validate CSG EndPoints" time="0"/>
  <testcase name="And Validate metadata Endpoint Address" classname="Scenario: Validate CSG EndPoints" time="0"/>
  <testcase name="And Validate metadata Endpoint Address" classname="Scenario: Validate CSG EndPoints" time="0"/>
  <testcase name="And Validate metadata Endpoint Address" classname="Scenario: Validate CSG EndPoints" time="0"/>
  <testcase name="And Validate metadata Endpoint Address" classname="Scenario: Validate CSG EndPoints" time="0"/>
  <testcase name="And Validate metadata Endpoint Address" classname="Scenario: Validate CSG EndPoints" time="0"/>
  <testcase name="And Validate metadata Endpoint Address" classname="Scenario: Validate CSG EndPoints" time="0"/>
  <testcase name="And Validate metadata Endpoint Address" classname="Scenario: Validate CSG EndPoints" time="0"/>
  <testcase name="And Validate geyser Endpoint Address" classname="Scenario: Validate CSG EndPoints" time="0"/>
  <testcase name="And Validate geyser Endpoint Address" classname="Scenario: Validate CSG EndPoints" time="0.001"/>
  <testcase name="And Validate geyser Endpoint Address" classname="Scenario: Validate CSG EndPoints" time="0"/>
  <testcase name="And Validate geyser Endpoint Address" classname="Scenario: Validate CSG EndPoints" time="0"/>
  <testcase name="And Validate geyser Endpoint Address" classname="Scenario: Validate CSG EndPoints" time="0"/>
  <testcase name="And Validate geyser Endpoint Address" classname="Scenario: Validate CSG EndPoints" time="0"/>
  <testcase name="And Validate geyser Endpoint Address" classname="Scenario: Validate CSG EndPoints" time="0"/>
  <testcase name="And Validate geyser Endpoint Address" classname="Scenario: Validate CSG EndPoints" time="0"/>
  <testcase name="And Validate geyser Endpoint Address" classname="Scenario: Validate CSG EndPoints" time="0"/>
  <testcase name="And Validate geyser Endpoint Address" classname="Scenario: Validate CSG EndPoints" time="0"/>
  <testcase name="And Validate CSGtools Endpoint Address" classname="Scenario: Validate CSG EndPoints" time="0"/>
  <testcase name="And Validate CSGtools Endpoint Address" classname="Scenario: Validate CSG EndPoints" time="0"/>
  <testcase name="And Validate CSGtools Endpoint Address" classname="Scenario: Validate CSG EndPoints" time="0"/>
  <testcase name="And Validate CSGtools Endpoint Address" classname="Scenario: Validate CSG EndPoints" time="0"/>
  <testcase name="And Validate CSGtools Endpoint Address" classname="Scenario: Validate CSG EndPoints" time="0"/>
  <testcase name="And Validate CSGtools Endpoint Address" classname="Scenario: Validate CSG EndPoints" time="0"/>
  <testcase name="And Validate CSGtools Endpoint Address" classname="Scenario: Validate CSG EndPoints" time="0"/>
  <testcase name="And Validate CSGtools Endpoint Address" classname="Scenario: Validate CSG EndPoints" time="0"/>
  <testcase name="And Validate CSGtools Endpoint Address" classname="Scenario: Validate CSG EndPoints" time="0"/>
  <testcase name="And Validate CSGtools Endpoint Address" classname="Scenario: Validate CSG EndPoints" time="0"/>
  <testcase name="And Validate cgiregistry Endpoint Address" classname="Scenario: Validate CSG EndPoints" time="0"/>
  <testcase name="And Validate cgiregistry Endpoint Address" classname="Scenario: Validate CSG EndPoints" time="0"/>
  <testcase name="And Validate cgiregistry Endpoint Address" classname="Scenario: Validate CSG EndPoints" time="0"/>
  <testcase name="And Validate cgiregistry Endpoint Address" classname="Scenario: Validate CSG EndPoints" time="0"/>
  <testcase name="And Validate cgiregistry Endpoint Address" classname="Scenario: Validate CSG EndPoints" time="0"/>
  <testcase name="And Validate cgiregistry Endpoint Address" classname="Scenario: Validate CSG EndPoints" time="0"/>
  <testcase name="And Validate cgiregistry Endpoint Address" classname="Scenario: Validate CSG EndPoints" time="0"/>
  <testcase name="And Validate cgiregistry Endpoint Address" classname="Scenario: Validate CSG EndPoints" time="0"/>
  <testcase name="And Validate cgiregistry Endpoint Address" classname="Scenario: Validate CSG EndPoints" time="0"/>
  <testcase name="And Validate cgiregistry Endpoint Address" classname="Scenario: Validate CSG EndPoints" time="0"/>
  <testcase name="And Validate ulr Endpoint Address" classname="Scenario: Validate CSG EndPoints" time="0"/>
  <testcase name="And Validate ulr Endpoint Address" classname="Scenario: Validate CSG EndPoints" time="0"/>
  <testcase name="And Validate ulr Endpoint Address" classname="Scenario: Validate CSG EndPoints" time="0"/>
  <testcase name="And Validate ulr Endpoint Address" classname="Scenario: Validate CSG EndPoints" time="0"/>
  <testcase name="And Validate ulr Endpoint Address" classname="Scenario: Validate CSG EndPoints" time="0"/>
  <testcase name="And Validate ulr Endpoint Address" classname="Scenario: Validate CSG EndPoints" time="0"/>
  <testcase name="And Validate ulr Endpoint Address" classname="Scenario: Validate CSG EndPoints" time="0"/>
  <testcase name="And Validate ulr Endpoint Address" classname="Scenario: Validate CSG EndPoints" time="0"/>
  <testcase name="And Validate ulr Endpoint Address" classname="Scenario: Validate CSG EndPoints" time="0"/>
  <testcase name="And Validate ulr Endpoint Address" classname="Scenario: Validate CSG EndPoints" time="0"/>
  <testcase name="And Validate csg Endpoint Address" classname="Scenario: Validate CSG EndPoints" time="0"/>
  <testcase name="And Validate csg Endpoint Address" classname="Scenario: Validate CSG EndPoints" time="0"/>
  <testcase name="And Validate csg Endpoint Address" classname="Scenario: Validate CSG EndPoints" time="0"/>
  <testcase name="And Validate csg Endpoint Address" classname="Scenario: Validate CSG EndPoints" time="0"/>
  <testcase name="And Validate csg Endpoint Address" classname="Scenario: Validate CSG EndPoints" time="0"/>
  <testcase name="And Validate csg Endpoint Address" classname="Scenario: Validate CSG EndPoints" time="0"/>
  <testcase name="And Validate csg Endpoint Address" classname="Scenario: Validate CSG EndPoints" time="0"/>
  <testcase name="And Validate csg Endpoint Address" classname="Scenario: Validate CSG EndPoints" time="0"/>
  <testcase name="And Validate csg Endpoint Address" classname="Scenario: Validate CSG EndPoints" time="0"/>
  <testcase name="And Validate csg Endpoint Address" classname="Scenario: Validate CSG EndPoints" time="0"/>
  <testcase name="And Validate mds Endpoint Address" classname="Scenario: Validate CSG EndPoints" time="0.001"/>
  <testcase name="And Validate mds Endpoint Address" classname="Scenario: Validate CSG EndPoints" time="0"/>
  <testcase name="And Validate mds Endpoint Address" classname="Scenario: Validate CSG EndPoints" time="0"/>
  <testcase name="And Validate mds Endpoint Address" classname="Scenario: Validate CSG EndPoints" time="0"/>
  <testcase name="And Validate mds Endpoint Address" classname="Scenario: Validate CSG EndPoints" time="0"/>
  <testcase name="And Validate mds Endpoint Address" classname="Scenario: Validate CSG EndPoints" time="0"/>
  <testcase name="And Validate mds Endpoint Address" classname="Scenario: Validate CSG EndPoints" time="0"/>
  <testcase name="And Validate mds Endpoint Address" classname="Scenario: Validate CSG EndPoints" time="0"/>
  <testcase name="And Validate mds Endpoint Address" classname="Scenario: Validate CSG EndPoints" time="0"/>
  <testcase name="And Validate mds Endpoint Address" classname="Scenario: Validate CSG EndPoints" time="0"/>
  <testcase name="Scenario: Validate CSG EndPoints" classname="Scenario: Validate CSG EndPoints" time="0.001"/>
  <testcase name="Scenario: Validate CSG EndPoints" classname="Scenario: Validate CSG EndPoints" time="0"/>
  <testcase name="Scenario: Validate CSG EndPoints" classname="Scenario: Validate CSG EndPoints" time="0"/>
  <testcase name="Scenario: Validate CSG EndPoints" classname="Scenario: Validate CSG EndPoints" time="0"/>
  <testcase name="Scenario: Validate CSG EndPoints" classname="Scenario: Validate CSG EndPoints" time="0"/>
  <testcase name="Scenario: Validate CSG EndPoints" classname="Scenario: Validate CSG EndPoints" time="0"/>
  <testcase name="Scenario: Validate CSG EndPoints" classname="Scenario: Validate CSG EndPoints" time="0"/>
  <testcase name="Scenario: Validate CSG EndPoints" classname="Scenario: Validate CSG EndPoints" time="0"/>
  <testcase name="Scenario: Validate CSG EndPoints" classname="Scenario: Validate CSG EndPoints" time="0"/>
  <testcase name="Scenario: Validate CSG EndPoints" classname="Scenario: Validate CSG EndPoints" time="0"/>
  <testcase name="When We Launch wms Services" classname="Scenario: Validate wms EndPoints" time="0"/>
  <testcase name="When We Launch wms Services" classname="Scenario: Validate wms EndPoints" time="0"/>
  <testcase name="When We Launch wms Services" classname="Scenario: Validate wms EndPoints" time="0"/>
  <testcase name="When We Launch wms Services" classname="Scenario: Validate wms EndPoints" time="0"/>
  <testcase name="When We Launch wms Services" classname="Scenario: Validate wms EndPoints" time="0"/>
  <testcase name="When We Launch wms Services" classname="Scenario: Validate wms EndPoints" time="0"/>
  <testcase name="When We Launch wms Services" classname="Scenario: Validate wms EndPoints" time="0"/>
  <testcase name="When We Launch wms Services" classname="Scenario: Validate wms EndPoints" time="0"/>
  <testcase name="When We Launch wms Services" classname="Scenario: Validate wms EndPoints" time="0"/>
  <testcase name="When We Launch wms Services" classname="Scenario: Validate wms EndPoints" time="0"/>
  <testcase name="Then Validate wms-tools Endpoint Address" classname="Scenario: Validate wms EndPoints" time="0"/>
  <testcase name="Then Validate wms-tools Endpoint Address" classname="Scenario: Validate wms EndPoints" time="0"/>
  <testcase name="Then Validate wms-tools Endpoint Address" classname="Scenario: Validate wms EndPoints" time="0"/>
  <testcase name="Then Validate wms-tools Endpoint Address" classname="Scenario: Validate wms EndPoints" time="0"/>
  <testcase name="Then Validate wms-tools Endpoint Address" classname="Scenario: Validate wms EndPoints" time="0"/>
  <testcase name="Then Validate wms-tools Endpoint Address" classname="Scenario: Validate wms EndPoints" time="0"/>
  <testcase name="Then Validate wms-tools Endpoint Address" classname="Scenario: Validate wms EndPoints" time="0"/>
  <testcase name="Then Validate wms-tools Endpoint Address" classname="Scenario: Validate wms EndPoints" time="0"/>
  <testcase name="Then Validate wms-tools Endpoint Address" classname="Scenario: Validate wms EndPoints" time="0"/>
  <testcase name="Then Validate wms-tools Endpoint Address" classname="Scenario: Validate wms EndPoints" time="0"/>
  <testcase name="And Validate wms Endpoint Address" classname="Scenario: Validate wms EndPoints" time="0"/>
  <testcase name="And Validate wms Endpoint Address" classname="Scenario: Validate wms EndPoints" time="0"/>
  <testcase name="And Validate wms Endpoint Address" classname="Scenario: Validate wms EndPoints" time="0"/>
  <testcase name="And Validate wms Endpoint Address" classname="Scenario: Validate wms EndPoints" time="0"/>
  <testcase name="And Validate wms Endpoint Address" classname="Scenario: Validate wms EndPoints" time="0"/>
  <testcase name="And Validate wms Endpoint Address" classname="Scenario: Validate wms EndPoints" time="0"/>
  <testcase name="And Validate wms Endpoint Address" classname="Scenario: Validate wms EndPoints" time="0"/>
  <testcase name="And Validate wms Endpoint Address" classname="Scenario: Validate wms EndPoints" time="0"/>
  <testcase name="And Validate wms Endpoint Address" classname="Scenario: Validate wms EndPoints" time="0"/>
  <testcase name="And Validate wms Endpoint Address" classname="Scenario: Validate wms EndPoints" time="0"/>
  <testcase name="And Validate ws Endpoint Address" classname="Scenario: Validate wms EndPoints" time="0"/>
  <testcase name="And Validate ws Endpoint Address" classname="Scenario: Validate wms EndPoints" time="0"/>
  <testcase name="And Validate ws Endpoint Address" classname="Scenario: Validate wms EndPoints" time="0"/>
  <testcase name="And Validate ws Endpoint Address" classname="Scenario: Validate wms EndPoints" time="0"/>
  <testcase name="And Validate ws Endpoint Address" classname="Scenario: Validate wms EndPoints" time="0"/>
  <testcase name="And Validate ws Endpoint Address" classname="Scenario: Validate wms EndPoints" time="0"/>
  <testcase name="And Validate ws Endpoint Address" classname="Scenario: Validate wms EndPoints" time="0"/>
  <testcase name="And Validate ws Endpoint Address" classname="Scenario: Validate wms EndPoints" time="0"/>
  <testcase name="And Validate ws Endpoint Address" classname="Scenario: Validate wms EndPoints" time="0"/>
  <testcase name="And Validate ws Endpoint Address" classname="Scenario: Validate wms EndPoints" time="0"/>
  <testcase name="Scenario: Validate wms EndPoints" classname="Scenario: Validate wms EndPoints" time="0"/>
  <testcase name="Scenario: Validate wms EndPoints" classname="Scenario: Validate wms EndPoints" time="0"/>
  <testcase name="Scenario: Validate wms EndPoints" classname="Scenario: Validate wms EndPoints" time="0"/>
  <testcase name="Scenario: Validate wms EndPoints" classname="Scenario: Validate wms EndPoints" time="0"/>
  <testcase name="Scenario: Validate wms EndPoints" classname="Scenario: Validate wms EndPoints" time="0"/>
  <testcase name="Scenario: Validate wms EndPoints" classname="Scenario: Validate wms EndPoints" time="0"/>
  <testcase name="Scenario: Validate wms EndPoints" classname="Scenario: Validate wms EndPoints" time="0"/>
  <testcase name="Scenario: Validate wms EndPoints" classname="Scenario: Validate wms EndPoints" time="0"/>
  <testcase name="Scenario: Validate wms EndPoints" classname="Scenario: Validate wms EndPoints" time="0"/>
  <testcase name="Scenario: Validate wms EndPoints" classname="Scenario: Validate wms EndPoints" time="0"/>
</testsuite>